Output folder: /root/young/code/mip-splatting/output/brandenburggate
Tensorboard not available: not logging progress





Reading camera 1363/1363
Loading Training Cameras
Loading Test Cameras
Number of points at initialisation :  100040
saving all gt_app_embdeeing to embedding list
/root/miniconda3/envs/mip-splatting/lib/python3.8/site-packages/torchvision/models/_utils.py:208: UserWarning: The parameter 'pretrained' is deprecated since 0.13 and will be removed in 0.15, please use 'weights' instead.
  warnings.warn(
/root/miniconda3/envs/mip-splatting/lib/python3.8/site-packages/torchvision/models/_utils.py:223: UserWarning: Arguments other than a weight enum or `None` for 'weights' are deprecated since 0.13 and will be removed in 0.15. The current behavior is equivalent to passing `weights=MaskRCNN_ResNet50_FPN_Weights.COCO_V1`. You can also use `weights=MaskRCNN_ResNet50_FPN_Weights.DEFAULT` to get the most up-to-date weights.
  warnings.warn(msg)
uid 0
uid 1
uid 2
uid 3
uid 4
uid 5
uid 6
uid 7
uid 8
uid 9
uid 10
uid 11
uid 12
uid 13
uid 14
uid 15
uid 16
uid 17
uid 18
uid 19
uid 20
uid 21
uid 22
uid 23
uid 24
uid 25
uid 26
uid 27
uid 28
uid 29
uid 30
uid 31
uid 32
uid 33
uid 34
uid 35
uid 36
uid 37
uid 38
uid 39
uid 40
uid 41
uid 42
uid 43
uid 44
uid 45
uid 46
uid 47
uid 48
uid 49
uid 50
uid 51
uid 52
uid 53
uid 54
uid 55
uid 56
uid 57
uid 58
uid 59
uid 60
uid 61
uid 62
uid 63
uid 64
uid 65
uid 66
uid 67
uid 68
uid 69
uid 70
uid 71
uid 72
uid 73
uid 74
uid 75
uid 76
uid 77
uid 78
uid 79
uid 80
uid 81
uid 82
uid 83
uid 84
uid 85
uid 86
uid 87
uid 88
uid 89
uid 90
uid 91
uid 92
uid 93
uid 94
uid 95
uid 96
uid 97
uid 98
uid 99
uid 100
uid 101
uid 102
uid 103
uid 104
uid 105
uid 106
uid 107
uid 108
uid 109
uid 110
uid 111
uid 112
uid 113
uid 114
uid 115
uid 116
uid 117
uid 118
uid 119
uid 120
uid 121
uid 122
uid 123
uid 124
uid 125
uid 126
uid 127
uid 128
uid 129
uid 130
uid 131
uid 132
uid 137
uid 138
uid 139
uid 140
uid 141
uid 142
uid 143
uid 144
uid 145
uid 146
uid 147
uid 148
uid 149
uid 150
uid 151
uid 152
uid 153
uid 154
uid 155
uid 181
uid 160
uid 161
uid 162
uid 163
uid 164
uid 165
uid 166
uid 167
uid 168
uid 169
uid 170
uid 171
uid 172
uid 173
uid 174
uid 175
uid 176
uid 177
uid 178
uid 179
uid 180
uid 181
uid 182
uid 183
uid 184
uid 185
uid 186
uid 187
uid 188
uid 189
uid 190
uid 191
uid 192
uid 193
uid 194
uid 195
uid 196
uid 197
uid 198
uid 199
uid 200
uid 201
uid 202
uid 203
uid 204
uid 205
uid 206
uid 207
uid 208
uid 209
uid 210
uid 211
uid 212
uid 213
uid 214
uid 215
uid 216
uid 217
uid 218
uid 219
uid 220
uid 221
uid 222
uid 223
uid 224
uid 225
uid 226
uid 227
uid 228
uid 229
uid 230
uid 231
uid 232
uid 233
uid 234
uid 235
uid 236
uid 237
uid 238
uid 239
uid 240
uid 241
uid 242
uid 243
uid 244
uid 245
uid 246
uid 247
uid 248
uid 249
uid 250
uid 251
uid 252
uid 253
uid 254
uid 255
uid 256
uid 257
uid 258
uid 259
uid 260
uid 261
uid 262
uid 263
uid 264
uid 265
uid 266
uid 267
uid 268
uid 269
uid 270
uid 271
uid 272
uid 273
uid 274
uid 275
uid 276
uid 277
uid 278
uid 279
uid 280
uid 281
uid 282
uid 283
uid 284
uid 285
uid 286
uid 287
uid 288
uid 289
uid 290
uid 291
uid 292
uid 293
uid 294
uid 295
uid 296
uid 297
uid 298
uid 299
uid 300
uid 301
uid 302
uid 303
uid 304
uid 305
uid 306
uid 307
uid 308
uid 309
uid 310
uid 311
uid 312
uid 313
uid 314
uid 315
uid 316
uid 317
uid 318
uid 332
uid 333
uid 334
uid 335
uid 336
uid 337
uid 338
uid 339
uid 340
uid 341
uid 342
uid 343
uid 344
uid 345
uid 346
uid 347
uid 348
uid 349
uid 350
uid 351
uid 352
uid 353
uid 354
uid 355
uid 356
uid 357
uid 385
uid 386
uid 387
uid 388
uid 389
uid 390
uid 391
uid 392
uid 393
uid 394
uid 395
uid 396
uid 397
uid 398
uid 399
uid 438
uid 439
uid 440
uid 441
uid 442
uid 443
uid 444
uid 445
uid 446
uid 447
uid 448
uid 449
uid 450
uid 451
uid 452
uid 453
uid 454
uid 455
uid 456
uid 457
uid 458
uid 459
uid 460
uid 461
uid 462
uid 463
uid 464
uid 465
uid 491
uid 492
uid 493
uid 494
uid 495
uid 496
uid 491
uid 544
uid 597
uid 650
uid 703
uid 756
uid 809
uid 809
uid 809
uid 809
Training progress:   0%|                                  | 0/4 [00:00<?, ?it/s]Traceback (most recent call last):
  File "/root/miniconda3/envs/mip-splatting/lib/python3.8/site-packages/wandb/sdk/wandb_config.py", line 162, in __getattr__
    return self.__getitem__(key)
  File "/root/miniconda3/envs/mip-splatting/lib/python3.8/site-packages/wandb/sdk/wandb_config.py", line 130, in __getitem__
    return self._items[key]
KeyError: 'apploss_random_ratio'
The above exception was the direct cause of the following exception:
Traceback (most recent call last):
  File "/root/young/code/mip-splatting/train-wildfeature.py", line 207, in training
    apploss+=apploss_random*config.apploss_random_ratio
  File "/root/miniconda3/envs/mip-splatting/lib/python3.8/site-packages/wandb/sdk/wandb_config.py", line 164, in __getattr__
    raise AttributeError(
AttributeError: <class 'wandb.sdk.wandb_config.Config'> object has no attribute 'apploss_random_ratio'